{"total": {"lines":{"total":500,"covered":463,"skipped":0,"pct":92.6},"statements":{"total":531,"covered":490,"skipped":0,"pct":92.27},"functions":{"total":95,"covered":85,"skipped":0,"pct":89.47},"branches":{"total":252,"covered":203,"skipped":0,"pct":80.55},"branchesTrue":{"total":0,"covered":0,"skipped":0,"pct":100}}
,"D:\\myProject\\vue3-utils\\src\\composables\\useClipboard.js": {"lines":{"total":47,"covered":47,"skipped":0,"pct":100},"functions":{"total":5,"covered":5,"skipped":0,"pct":100},"statements":{"total":47,"covered":47,"skipped":0,"pct":100},"branches":{"total":17,"covered":17,"skipped":0,"pct":100}}
,"D:\\myProject\\vue3-utils\\src\\composables\\useCountUp.js": {"lines":{"total":66,"covered":57,"skipped":0,"pct":86.36},"functions":{"total":10,"covered":9,"skipped":0,"pct":90},"statements":{"total":67,"covered":58,"skipped":0,"pct":86.56},"branches":{"total":39,"covered":28,"skipped":0,"pct":71.79}}
,"D:\\myProject\\vue3-utils\\src\\composables\\useCountdown.js": {"lines":{"total":31,"covered":31,"skipped":0,"pct":100},"functions":{"total":11,"covered":10,"skipped":0,"pct":90.9},"statements":{"total":37,"covered":36,"skipped":0,"pct":97.29},"branches":{"total":9,"covered":9,"skipped":0,"pct":100}}
,"D:\\myProject\\vue3-utils\\src\\composables\\useSSE.js": {"lines":{"total":85,"covered":84,"skipped":0,"pct":98.82},"functions":{"total":12,"covered":12,"skipped":0,"pct":100},"statements":{"total":85,"covered":84,"skipped":0,"pct":98.82},"branches":{"total":31,"covered":25,"skipped":0,"pct":80.64}}
,"D:\\myProject\\vue3-utils\\src\\composables\\useTimeAgo.js": {"lines":{"total":25,"covered":15,"skipped":0,"pct":60},"functions":{"total":7,"covered":2,"skipped":0,"pct":28.57},"statements":{"total":25,"covered":15,"skipped":0,"pct":60},"branches":{"total":11,"covered":5,"skipped":0,"pct":45.45}}
,"D:\\myProject\\vue3-utils\\src\\composables\\useTypewriter.js": {"lines":{"total":109,"covered":102,"skipped":0,"pct":93.57},"functions":{"total":15,"covered":14,"skipped":0,"pct":93.33},"statements":{"total":112,"covered":102,"skipped":0,"pct":91.07},"branches":{"total":78,"covered":60,"skipped":0,"pct":76.92}}
,"D:\\myProject\\vue3-utils\\src\\core\\emitter.js": {"lines":{"total":13,"covered":13,"skipped":0,"pct":100},"functions":{"total":7,"covered":7,"skipped":0,"pct":100},"statements":{"total":17,"covered":17,"skipped":0,"pct":100},"branches":{"total":4,"covered":4,"skipped":0,"pct":100}}
,"D:\\myProject\\vue3-utils\\src\\wrapper\\useCurrency.js": {"lines":{"total":7,"covered":7,"skipped":0,"pct":100},"functions":{"total":2,"covered":2,"skipped":0,"pct":100},"statements":{"total":8,"covered":8,"skipped":0,"pct":100},"branches":{"total":7,"covered":7,"skipped":0,"pct":100}}
,"D:\\myProject\\vue3-utils\\src\\wrapper\\useDateTime.js": {"lines":{"total":38,"covered":38,"skipped":0,"pct":100},"functions":{"total":11,"covered":11,"skipped":0,"pct":100},"statements":{"total":53,"covered":53,"skipped":0,"pct":100},"branches":{"total":17,"covered":17,"skipped":0,"pct":100}}
,"D:\\myProject\\vue3-utils\\src\\wrapper\\useEventBus.js": {"lines":{"total":1,"covered":1,"skipped":0,"pct":100},"functions":{"total":1,"covered":1,"skipped":0,"pct":100},"statements":{"total":1,"covered":1,"skipped":0,"pct":100},"branches":{"total":0,"covered":0,"skipped":0,"pct":100}}
,"D:\\myProject\\vue3-utils\\src\\wrapper\\useFetch.js": {"lines":{"total":58,"covered":51,"skipped":0,"pct":87.93},"functions":{"total":9,"covered":8,"skipped":0,"pct":88.88},"statements":{"total":59,"covered":52,"skipped":0,"pct":88.13},"branches":{"total":31,"covered":26,"skipped":0,"pct":83.87}}
,"D:\\myProject\\vue3-utils\\src\\wrapper\\useFetchServer.js": {"lines":{"total":20,"covered":17,"skipped":0,"pct":85},"functions":{"total":5,"covered":4,"skipped":0,"pct":80},"statements":{"total":20,"covered":17,"skipped":0,"pct":85},"branches":{"total":8,"covered":5,"skipped":0,"pct":62.5}}
}
