TN:
SF:src\composables\useClipboard.js
FN:58,useClipboard
FN:71,(anonymous_1)
FN:85,(anonymous_2)
FN:117,(anonymous_3)
FN:146,(anonymous_4)
FNF:5
FNH:5
FNDA:20,useClipboard
FNDA:14,(anonymous_1)
FNDA:6,(anonymous_2)
FNDA:21,(anonymous_3)
FNDA:4,(anonymous_4)
DA:59,20
DA:61,20
DA:62,20
DA:63,20
DA:65,20
DA:71,20
DA:72,14
DA:73,14
DA:74,11
DA:76,3
DA:77,3
DA:85,20
DA:86,6
DA:88,6
DA:89,6
DA:90,6
DA:91,6
DA:92,6
DA:93,6
DA:94,6
DA:96,6
DA:99,6
DA:100,6
DA:102,6
DA:103,4
DA:105,4
DA:107,2
DA:108,2
DA:117,20
DA:118,21
DA:119,2
DA:120,2
DA:123,19
DA:126,19
DA:127,14
DA:131,19
DA:132,6
DA:136,19
DA:137,14
DA:138,14
DA:141,14
DA:142,3
DA:146,14
DA:147,4
DA:148,4
DA:152,19
DA:155,20
LF:47
LH:47
BRDA:58,0,0,9
BRDA:59,1,0,16
BRDA:59,2,0,13
BRDA:118,3,0,2
BRDA:118,3,1,19
BRDA:118,4,0,21
BRDA:118,4,1,19
BRDA:126,5,0,14
BRDA:126,5,1,5
BRDA:131,6,0,6
BRDA:131,6,1,13
BRDA:131,7,0,19
BRDA:131,7,1,8
BRDA:136,8,0,14
BRDA:136,8,1,5
BRDA:141,9,0,3
BRDA:141,9,1,11
BRF:17
BRH:17
end_of_record
TN:
SF:src\composables\useCountUp.js
FN:54,useCountUp
FN:79,(anonymous_1)
FN:88,formatNumber
FN:106,animate
FN:145,start
FN:162,pause
FN:173,resume
FN:185,reset
FN:199,update
FN:213,(anonymous_9)
FNF:10
FNH:9
FNDA:12,useCountUp
FNDA:253,(anonymous_1)
FNDA:281,formatNumber
FNDA:259,animate
FNDA:9,start
FNDA:3,pause
FNDA:2,resume
FNDA:1,reset
FNDA:1,update
FNDA:0,(anonymous_9)
DA:66,12
DA:68,12
DA:69,12
DA:71,12
DA:72,12
DA:73,12
DA:74,12
DA:75,12
DA:76,12
DA:79,12
DA:80,253
DA:83,12
DA:89,281
DA:90,281
DA:93,281
DA:94,0
DA:98,281
DA:100,281
DA:107,259
DA:109,259
DA:110,259
DA:113,259
DA:114,259
DA:122,0
DA:126,259
DA:127,259
DA:129,259
DA:130,259
DA:133,0
DA:134,0
DA:136,0
DA:137,0
DA:146,9
DA:147,0
DA:150,9
DA:151,9
DA:152,9
DA:153,9
DA:154,9
DA:156,9
DA:163,3
DA:164,2
DA:165,2
DA:166,2
DA:174,2
DA:175,1
DA:176,1
DA:177,1
DA:178,1
DA:186,1
DA:187,1
DA:190,1
DA:191,1
DA:192,1
DA:193,1
DA:200,1
DA:201,1
DA:204,1
DA:205,1
DA:206,1
DA:207,1
DA:209,1
DA:213,12
DA:214,0
DA:215,0
DA:219,12
LF:66
LH:57
BRDA:54,0,0,2
BRDA:56,1,0,2
BRDA:57,2,0,3
BRDA:58,3,0,12
BRDA:59,4,0,12
BRDA:60,5,0,12
BRDA:61,6,0,11
BRDA:62,7,0,11
BRDA:63,8,0,12
BRDA:64,9,0,11
BRDA:65,10,0,12
BRDA:83,11,0,12
BRDA:83,11,1,11
BRDA:93,12,0,0
BRDA:93,12,1,281
BRDA:98,13,0,0
BRDA:98,13,1,281
BRDA:107,14,0,10
BRDA:107,14,1,249
BRDA:113,15,0,259
BRDA:113,15,1,0
BRDA:129,16,0,259
BRDA:129,16,1,0
BRDA:136,17,0,0
BRDA:136,17,1,0
BRDA:146,18,0,0
BRDA:146,18,1,9
BRDA:163,19,0,2
BRDA:163,19,1,1
BRDA:163,20,0,3
BRDA:163,20,1,2
BRDA:174,21,0,1
BRDA:174,21,1,1
BRDA:186,22,0,1
BRDA:186,22,1,0
BRDA:200,23,0,1
BRDA:200,23,1,0
BRDA:214,24,0,0
BRDA:214,24,1,0
BRF:39
BRH:28
end_of_record
TN:
SF:src\composables\useCountdown.js
FN:33,useCountdown
FN:41,(anonymous_1)
FN:47,(anonymous_2)
FN:54,(anonymous_3)
FN:60,(anonymous_4)
FN:61,(anonymous_5)
FN:63,(anonymous_6)
FN:71,(anonymous_7)
FN:73,(anonymous_8)
FN:76,(anonymous_9)
FN:79,(anonymous_10)
FNF:11
FNH:10
FNDA:12,useCountdown
FNDA:21,(anonymous_1)
FNDA:5,(anonymous_2)
FNDA:3,(anonymous_3)
FNDA:1,(anonymous_4)
FNDA:1,(anonymous_5)
FNDA:12,(anonymous_6)
FNDA:0,(anonymous_7)
FNDA:4,(anonymous_8)
FNDA:3,(anonymous_9)
FNDA:3,(anonymous_10)
DA:34,12
DA:35,12
DA:38,12
DA:39,12
DA:41,12
DA:42,21
DA:43,21
DA:44,21
DA:47,12
DA:48,5
DA:49,5
DA:50,5
DA:54,12
DA:55,3
DA:56,3
DA:57,3
DA:60,12
DA:61,12
DA:63,12
DA:64,12
DA:65,12
DA:66,12
DA:69,12
DA:71,12
DA:73,12
DA:74,4
DA:76,12
DA:77,3
DA:79,12
DA:80,3
DA:83,12
LF:31
LH:31
BRDA:33,0,0,11
BRDA:38,1,0,12
BRDA:38,1,1,11
BRDA:44,2,0,5
BRDA:44,2,1,16
BRDA:50,3,0,2
BRDA:50,3,1,3
BRDA:57,4,0,1
BRDA:57,4,1,2
BRF:9
BRH:9
end_of_record
TN:
SF:src\composables\useSSE.js
FN:84,useSSE
FN:107,(anonymous_1)
FN:114,(anonymous_2)
FN:120,(anonymous_3)
FN:130,(anonymous_4)
FN:146,(anonymous_5)
FN:159,(anonymous_6)
FN:177,(anonymous_7)
FN:198,(anonymous_8)
FN:200,(anonymous_9)
FN:222,(anonymous_10)
FN:236,(anonymous_11)
FNF:12
FNH:12
FNDA:23,useSSE
FNDA:14,(anonymous_1)
FNDA:14,(anonymous_2)
FNDA:11,(anonymous_3)
FNDA:34,(anonymous_4)
FNDA:12,(anonymous_5)
FNDA:4,(anonymous_6)
FNDA:14,(anonymous_7)
FNDA:2,(anonymous_8)
FNDA:2,(anonymous_9)
FNDA:3,(anonymous_10)
FNDA:1,(anonymous_11)
DA:95,23
DA:97,23
DA:98,23
DA:99,23
DA:100,23
DA:102,23
DA:103,23
DA:104,23
DA:105,23
DA:107,23
DA:108,14
DA:109,6
DA:110,6
DA:114,23
DA:115,14
DA:116,3
DA:119,11
DA:120,11
DA:121,11
DA:122,11
DA:126,11
DA:130,23
DA:132,34
DA:134,1
DA:135,1
DA:137,1
DA:140,34
DA:141,34
DA:143,34
DA:144,34
DA:146,33
DA:147,12
DA:148,12
DA:149,12
DA:150,12
DA:152,12
DA:153,12
DA:155,1
DA:159,33
DA:162,4
DA:163,4
DA:165,1
DA:167,4
DA:170,4
DA:171,4
DA:173,1
DA:177,33
DA:178,14
DA:179,14
DA:181,14
DA:182,14
DA:184,1
DA:188,14
DA:189,14
DA:190,14
DA:194,14
DA:198,33
DA:199,2
DA:200,2
DA:201,2
DA:203,2
DA:204,2
DA:206,0
DA:208,2
DA:210,1
DA:216,1
DA:217,1
DA:218,1
DA:222,23
DA:223,3
DA:224,3
DA:226,3
DA:227,3
DA:228,3
DA:229,3
DA:232,3
DA:233,3
DA:236,23
DA:237,1
DA:238,1
DA:239,1
DA:243,23
DA:246,23
DA:247,1
DA:250,23
LF:85
LH:84
BRDA:84,0,0,0
BRDA:86,1,0,0
BRDA:87,2,0,15
BRDA:88,3,0,17
BRDA:89,4,0,21
BRDA:90,5,0,22
BRDA:91,6,0,20
BRDA:92,7,0,21
BRDA:93,8,0,21
BRDA:94,9,0,21
BRDA:108,10,0,6
BRDA:108,10,1,8
BRDA:115,11,0,3
BRDA:115,11,1,11
BRDA:115,12,0,14
BRDA:115,12,1,12
BRDA:115,12,2,12
BRDA:132,13,0,1
BRDA:132,13,1,33
BRDA:134,14,0,1
BRDA:134,14,1,0
BRDA:188,15,0,14
BRDA:188,15,1,0
BRDA:199,16,0,2
BRDA:199,16,1,0
BRDA:199,17,0,2
BRDA:199,17,1,2
BRDA:226,18,0,3
BRDA:226,18,1,0
BRDA:246,19,0,1
BRDA:246,19,1,22
BRF:31
BRH:25
end_of_record
TN:
SF:src\composables\useTimeAgo.js
FN:7,startGlobalTimer
FN:9,(anonymous_1)
FN:15,stopGlobalTimer
FN:47,useTimeAgo
FN:50,(anonymous_4)
FN:71,(anonymous_5)
FN:76,(anonymous_6)
FNF:7
FNH:2
FNDA:0,startGlobalTimer
FNDA:0,(anonymous_1)
FNDA:0,stopGlobalTimer
FNDA:18,useTimeAgo
FNDA:18,(anonymous_4)
FNDA:0,(anonymous_5)
FNDA:0,(anonymous_6)
DA:3,1
DA:4,1
DA:5,1
DA:8,0
DA:9,0
DA:10,0
DA:16,0
DA:17,0
DA:18,0
DA:48,18
DA:50,18
DA:51,18
DA:52,18
DA:54,18
DA:63,18
DA:64,69
DA:65,18
DA:66,18
DA:71,18
DA:72,0
DA:73,0
DA:76,18
DA:77,0
DA:78,0
DA:81,18
LF:25
LH:15
BRDA:8,0,0,0
BRDA:8,0,1,0
BRDA:16,1,0,0
BRDA:16,1,1,0
BRDA:16,2,0,0
BRDA:16,2,1,0
BRDA:47,3,0,1
BRDA:64,4,0,18
BRDA:64,4,1,51
BRDA:64,5,0,69
BRDA:64,5,1,52
BRF:11
BRH:5
end_of_record
TN:
SF:src\composables\useTypewriter.js
FN:72,useTypewriter
FN:101,(anonymous_1)
FN:111,initCursorBlink
FN:113,(anonymous_3)
FN:122,stopCursorBlink
FN:132,type
FN:150,(anonymous_6)
FN:198,start
FN:213,pause
FN:226,resume
FN:236,stop
FN:254,next
FN:275,prev
FN:299,updateTexts
FN:318,(anonymous_14)
FNF:15
FNH:14
FNDA:17,useTypewriter
FNDA:4,(anonymous_1)
FNDA:27,initCursorBlink
FNDA:2,(anonymous_3)
FNDA:14,stopCursorBlink
FNDA:51,type
FNDA:4,(anonymous_6)
FNDA:12,start
FNDA:2,pause
FNDA:1,resume
FNDA:14,stop
FNDA:2,next
FNDA:1,prev
FNDA:1,updateTexts
FNDA:0,(anonymous_14)
DA:85,17
DA:88,17
DA:89,17
DA:90,17
DA:91,17
DA:92,17
DA:94,17
DA:95,17
DA:96,17
DA:97,17
DA:98,17
DA:101,17
DA:102,4
DA:103,3
DA:105,1
DA:112,27
DA:113,27
DA:114,2
DA:123,14
DA:124,11
DA:125,11
DA:133,51
DA:135,51
DA:137,51
DA:139,39
DA:140,31
DA:141,31
DA:142,31
DA:145,8
DA:146,1
DA:150,8
DA:151,4
DA:152,4
DA:157,12
DA:158,9
DA:159,9
DA:160,9
DA:163,3
DA:165,3
DA:166,0
DA:170,3
DA:172,3
DA:174,2
DA:176,0
DA:179,2
DA:180,2
DA:181,1
DA:183,2
DA:186,1
DA:190,1
DA:199,12
DA:200,12
DA:201,12
DA:202,12
DA:203,12
DA:204,12
DA:205,12
DA:206,12
DA:207,12
DA:214,2
DA:215,2
DA:216,2
DA:217,2
DA:218,2
DA:227,1
DA:228,1
DA:229,1
DA:237,14
DA:238,14
DA:239,14
DA:240,14
DA:241,14
DA:243,14
DA:244,2
DA:245,2
DA:248,14
DA:255,2
DA:257,2
DA:258,2
DA:259,2
DA:260,2
DA:261,2
DA:263,2
DA:264,0
DA:267,2
DA:268,0
DA:276,1
DA:279,1
DA:282,1
DA:283,1
DA:284,1
DA:285,1
DA:287,1
DA:288,0
DA:291,1
DA:292,0
DA:300,1
DA:301,1
DA:302,1
DA:303,1
DA:305,1
DA:306,1
DA:311,17
DA:312,2
DA:313,15
DA:314,15
DA:318,17
DA:319,0
DA:322,17
LF:109
LH:102
BRDA:72,0,0,1
BRDA:74,1,0,9
BRDA:75,2,0,14
BRDA:76,3,0,13
BRDA:77,4,0,16
BRDA:78,5,0,14
BRDA:79,6,0,1
BRDA:80,7,0,14
BRDA:81,8,0,14
BRDA:82,9,0,16
BRDA:83,10,0,17
BRDA:84,11,0,16
BRDA:102,12,0,3
BRDA:102,12,1,1
BRDA:102,13,0,4
BRDA:102,13,1,4
BRDA:112,14,0,27
BRDA:112,14,1,0
BRDA:112,15,0,27
BRDA:112,15,1,27
BRDA:123,16,0,11
BRDA:123,16,1,3
BRDA:133,17,0,0
BRDA:133,17,1,51
BRDA:133,18,0,51
BRDA:133,18,1,51
BRDA:137,19,0,39
BRDA:137,19,1,12
BRDA:139,20,0,31
BRDA:139,20,1,8
BRDA:145,21,0,1
BRDA:145,21,1,7
BRDA:157,22,0,9
BRDA:157,22,1,3
BRDA:165,23,0,0
BRDA:165,23,1,3
BRDA:172,24,0,2
BRDA:172,24,1,1
BRDA:174,25,0,0
BRDA:174,25,1,2
BRDA:180,26,0,1
BRDA:180,26,1,1
BRDA:214,27,0,2
BRDA:214,27,1,0
BRDA:214,28,0,2
BRDA:214,28,1,2
BRDA:216,29,0,2
BRDA:216,29,1,0
BRDA:227,30,0,1
BRDA:227,30,1,0
BRDA:243,31,0,2
BRDA:243,31,1,12
BRDA:255,32,0,0
BRDA:255,32,1,2
BRDA:263,33,0,0
BRDA:263,33,1,2
BRDA:267,34,0,0
BRDA:267,34,1,2
BRDA:267,35,0,2
BRDA:267,35,1,0
BRDA:276,36,0,0
BRDA:276,36,1,1
BRDA:279,37,0,1
BRDA:279,37,1,0
BRDA:287,38,0,0
BRDA:287,38,1,1
BRDA:291,39,0,0
BRDA:291,39,1,1
BRDA:291,40,0,1
BRDA:291,40,1,0
BRDA:305,41,0,1
BRDA:305,41,1,0
BRDA:311,42,0,2
BRDA:311,42,1,15
BRDA:311,43,0,17
BRDA:311,43,1,2
BRDA:313,44,0,15
BRDA:313,44,1,0
BRF:78
BRH:60
end_of_record
TN:
SF:src\core\emitter.js
FN:17,(anonymous_0)
FN:37,(anonymous_1)
FN:50,(anonymous_2)
FN:66,(anonymous_3)
FN:69,(anonymous_4)
FN:83,(anonymous_5)
FN:84,(anonymous_6)
FNF:7
FNH:7
FNDA:20,(anonymous_0)
FNDA:40,(anonymous_1)
FNDA:134,(anonymous_2)
FNDA:10,(anonymous_3)
FNDA:11,(anonymous_4)
FNDA:4,(anonymous_5)
FNDA:4,(anonymous_6)
DA:23,20
DA:38,40
DA:51,134
DA:52,134
DA:53,136
DA:67,10
DA:68,10
DA:69,11
DA:84,4
DA:85,4
DA:86,4
DA:88,4
DA:105,2
LF:13
LH:13
BRDA:52,0,0,1
BRDA:52,0,1,133
BRDA:68,1,0,1
BRDA:68,1,1,9
BRF:4
BRH:4
end_of_record
TN:
SF:src\wrapper\useCurrency.js
FN:22,useCurrency
FN:28,(anonymous_1)
FNF:2
FNH:2
FNDA:32,useCurrency
FNDA:37,(anonymous_1)
DA:28,32
DA:30,37
DA:33,32
DA:34,32
DA:36,32
DA:44,32
DA:47,32
LF:7
LH:7
BRDA:28,0,0,30
BRDA:30,1,0,5
BRDA:30,1,1,32
BRDA:30,2,0,37
BRDA:30,2,1,34
BRDA:34,3,0,1
BRDA:34,3,1,31
BRF:7
BRH:7
end_of_record
TN:
SF:src\wrapper\useDateTime.js
FN:41,useDateTime
FN:56,(anonymous_1)
FN:68,(anonymous_2)
FN:84,(anonymous_3)
FN:91,(anonymous_4)
FN:96,(anonymous_5)
FN:99,(anonymous_6)
FN:118,(anonymous_7)
FN:139,(anonymous_8)
FN:145,(anonymous_9)
FN:151,(anonymous_10)
FNF:11
FNH:11
FNDA:84,useDateTime
FNDA:245,(anonymous_1)
FNDA:49,(anonymous_2)
FNDA:84,(anonymous_3)
FNDA:50,(anonymous_4)
FNDA:980,(anonymous_5)
FNDA:441,(anonymous_6)
FNDA:26,(anonymous_7)
FNDA:10,(anonymous_8)
FNDA:1,(anonymous_9)
FNDA:2,(anonymous_10)
DA:44,84
DA:45,27
DA:47,57
DA:48,57
DA:56,245
DA:58,84
DA:68,84
DA:84,84
DA:91,84
DA:92,50
DA:93,49
DA:94,49
DA:96,980
DA:98,49
DA:99,49
DA:100,441
DA:101,441
DA:102,441
DA:105,49
DA:106,441
DA:108,49
DA:118,84
DA:119,26
DA:120,25
DA:121,25
DA:122,3
DA:123,2
DA:124,5
DA:125,6
DA:126,5
DA:127,3
DA:128,1
DA:130,24
DA:139,84
DA:145,84
DA:151,84
DA:153,84
DA:154,84
LF:38
LH:38
BRDA:41,0,0,2
BRDA:44,1,0,27
BRDA:44,1,1,57
BRDA:47,2,0,57
BRDA:47,2,1,1
BRDA:91,3,0,2
BRDA:92,4,0,1
BRDA:92,4,1,49
BRDA:119,5,0,1
BRDA:119,5,1,25
BRDA:121,6,0,3
BRDA:121,6,1,2
BRDA:121,6,2,5
BRDA:121,6,3,6
BRDA:121,6,4,5
BRDA:121,6,5,3
BRDA:121,6,6,1
BRF:17
BRH:17
end_of_record
TN:
SF:src\wrapper\useEventBus.js
FN:18,useEventBus
FNF:1
FNH:1
FNDA:32,useEventBus
DA:19,32
LF:1
LH:1
BRF:0
BRH:0
end_of_record
TN:
SF:src\wrapper\useFetch.js
FN:10,cleanupExpiredCache
FN:20,enforceCacheLimit
FN:71,useFetch
FN:81,(anonymous_3)
FN:89,(anonymous_4)
FN:94,(anonymous_5)
FN:136,(anonymous_6)
FN:157,(anonymous_7)
FN:165,(anonymous_8)
FNF:9
FNH:8
FNDA:111,cleanupExpiredCache
FNDA:110,enforceCacheLimit
FNDA:125,useFetch
FNDA:126,(anonymous_3)
FNDA:1,(anonymous_4)
FNDA:126,(anonymous_5)
FNDA:110,(anonymous_6)
FNDA:6,(anonymous_7)
FNDA:0,(anonymous_8)
DA:5,1
DA:6,1
DA:7,1
DA:11,111
DA:12,111
DA:13,110
DA:14,110
DA:16,111
DA:21,110
DA:22,0
DA:23,0
DA:72,125
DA:73,125
DA:74,125
DA:75,125
DA:78,125
DA:81,125
DA:82,126
DA:83,1
DA:84,1
DA:89,125
DA:90,1
DA:94,125
DA:96,126
DA:98,126
DA:99,126
DA:101,126
DA:103,126
DA:104,109
DA:105,109
DA:107,109
DA:109,0
DA:110,0
DA:111,0
DA:115,109
DA:116,0
DA:121,126
DA:123,126
DA:128,122
DA:131,122
DA:132,110
DA:133,110
DA:136,110
DA:137,110
DA:139,110
DA:142,122
DA:143,122
DA:146,4
DA:147,3
DA:149,4
DA:151,126
DA:152,126
DA:157,125
DA:160,125
DA:161,120
DA:165,125
DA:166,0
DA:169,125
LF:58
LH:51
BRDA:12,0,0,110
BRDA:12,0,1,1
BRDA:21,1,0,0
BRDA:21,1,1,110
BRDA:71,2,0,10
BRDA:71,3,0,11
BRDA:71,4,0,16
BRDA:71,5,0,120
BRDA:78,6,0,125
BRDA:78,6,1,122
BRDA:82,7,0,1
BRDA:82,7,1,125
BRDA:94,8,0,120
BRDA:103,9,0,109
BRDA:103,9,1,17
BRDA:103,10,0,126
BRDA:103,10,1,120
BRDA:107,11,0,0
BRDA:107,11,1,109
BRDA:107,12,0,109
BRDA:107,12,1,0
BRDA:115,13,0,0
BRDA:115,13,1,109
BRDA:115,14,0,109
BRDA:115,14,1,0
BRDA:131,15,0,110
BRDA:131,15,1,12
BRDA:146,16,0,3
BRDA:146,16,1,1
BRDA:160,17,0,120
BRDA:160,17,1,5
BRF:31
BRH:26
end_of_record
TN:
SF:src\wrapper\useFetchServer.js
FN:37,useFetchServer
FN:46,(anonymous_1)
FN:56,(anonymous_2)
FN:61,(anonymous_3)
FN:70,(anonymous_4)
FNF:5
FNH:4
FNDA:31,useFetchServer
FNDA:2,(anonymous_1)
FNDA:23,(anonymous_2)
FNDA:1,(anonymous_3)
FNDA:0,(anonymous_4)
DA:39,31
DA:42,31
DA:45,31
DA:46,31
DA:47,2
DA:48,2
DA:49,2
DA:51,2
DA:56,31
DA:57,23
DA:61,31
DA:62,1
DA:63,1
DA:64,1
DA:65,1
DA:70,31
DA:71,0
DA:72,0
DA:73,0
DA:77,31
LF:20
LH:17
BRDA:37,0,0,28
BRDA:56,1,0,18
BRDA:61,2,0,31
BRDA:61,2,1,30
BRDA:62,3,0,1
BRDA:62,3,1,0
BRDA:71,4,0,0
BRDA:71,4,1,0
BRF:8
BRH:5
end_of_record
